2024-06-26 09:00:53,145 INFO - Import started by 70121:ddbcefad-ddfd-407f-8f79-b3a9ce4e7d41 using com.atlassian.jira.plugins.importer.imports.csv.CsvDataBean
2024-06-26 09:00:53,231 WARN - Unable to parse created date: 2020-06-15 08:19
2024-06-26 09:00:53,237 WARN - Unable to parse created date: 2024-06-25 14:28
2024-06-26 09:00:53,241 WARN - Unable to parse created date: 2024-06-25 14:28
2024-06-26 09:00:53,245 WARN - Unable to parse created date: 2024-06-25 14:39
2024-06-26 09:00:53,249 WARN - Unable to parse created date: 2024-06-25 14:42
2024-06-26 09:00:53,264 INFO - ------------------------------
2024-06-26 09:00:53,264 INFO - Importing: Users
2024-06-26 09:00:53,264 INFO - ------------------------------
2024-06-26 09:00:53,264 INFO - Only new items will be imported
2024-06-26 09:00:53,267 INFO - 0 users associated with import. All of them imported as inactive, this can be changed after import in User Access step.
2024-06-26 09:00:53,267 INFO - ------------------------------
2024-06-26 09:00:53,267 INFO - Finished Importing : Users
2024-06-26 09:00:53,267 INFO - ------------------------------
2024-06-26 09:00:53,267 INFO - 0 users successfully created.
2024-06-26 09:00:53,271 INFO - Retrieving projects...
2024-06-26 09:00:53,288 INFO - Project ExternalProject{id='null', key='FIR', externalName='null', name='First-Import', type='software', template='null'} exists and found correctly.
2024-06-26 09:00:53,288 INFO - ------------------------------
2024-06-26 09:00:53,288 INFO - Importing: Versions
2024-06-26 09:00:53,288 INFO - ------------------------------
2024-06-26 09:00:53,288 INFO - Only new items will be imported
2024-06-26 09:00:53,288 INFO - ------------------------------
2024-06-26 09:00:53,288 INFO - Finished Importing : Versions
2024-06-26 09:00:53,288 INFO - ------------------------------
2024-06-26 09:00:53,295 INFO - ------------------------------
2024-06-26 09:00:53,295 INFO - Importing: Components
2024-06-26 09:00:53,295 INFO - ------------------------------
2024-06-26 09:00:53,295 INFO - Only new items will be imported
2024-06-26 09:00:53,295 INFO - ------------------------------
2024-06-26 09:00:53,295 INFO - Finished Importing : Components
2024-06-26 09:00:53,295 INFO - ------------------------------
2024-06-26 09:00:53,302 INFO - Retrieving custom fields...
2024-06-26 09:00:53,308 INFO - ------------------------------
2024-06-26 09:00:53,308 INFO - Importing: Issues
2024-06-26 09:00:53,308 INFO - ------------------------------
2024-06-26 09:00:53,308 INFO - Only new items will be imported
2024-06-26 09:00:53,325 INFO - Importing issue: [externalId='autoid-2890849510834402459', summary='Lampen aus Aludosen Eistee blau']
2024-06-26 09:00:53,429 WARN - Cannot set value for locked custom field 'Epic Name' in issue 'Lampen aus Aludosen Eistee blau' because it is not applicable for issue type 'Story'
2024-06-26 09:00:54,047 INFO - Importing issue: [externalId='autoid-2038988885350841364', summary='Reels']
2024-06-26 09:00:54,048 WARN - Cannot set value for locked custom field 'Epic Name' in issue 'Reels' because it is not applicable for issue type 'Story'
2024-06-26 09:00:54,541 INFO - Importing issue: [externalId='autoid-1857922935193948427', summary='Bilder']
2024-06-26 09:00:54,542 WARN - Cannot set value for locked custom field 'Epic Name' in issue 'Bilder' because it is not applicable for issue type 'Story'
2024-06-26 09:00:54,941 INFO - Importing issue: [externalId='autoid-1512001844435707880', summary='Label am Bsp.: WebSite']
2024-06-26 09:00:54,942 WARN - Cannot set value for locked custom field 'Epic Name' in issue 'Label am Bsp.: WebSite' because it is not applicable for issue type 'Story'
2024-06-26 09:00:55,390 INFO - Importing issue: [externalId='autoid-7807627379479102147', summary='Fertig gestellt']
2024-06-26 09:00:55,430 WARN - Cannot set value for locked custom field 'Epic Name' in issue 'Fertig gestellt' because it is not applicable for issue type 'Story'
2024-06-26 09:00:55,874 INFO - Importing issue: [externalId='autoid-5381045897615530470', summary='null']
2024-06-26 09:00:55,875 WARN - Issue skipped [externalId='autoid-5381045897615530470', summary='null']: Blank summary detected. Such issue cannot be imported
2024-06-26 09:00:55,885 INFO - Importing issue: [externalId='autoid-8957669982785932905', summary='You are on a 14-day free trial. Free trials are restricted to a limited number of cards per export.']
2024-06-26 09:00:56,270 INFO - Importing issue: [externalId='autoid-4698961103224333499', summary='To take full advantage of the app, please purchase a license.']
2024-06-26 09:00:56,633 INFO - Importing issue: [externalId='autoid--3393853161390854640', summary='https://docs.adaptavist.com/display/_PK/BE/authorization-and-licensing']
2024-06-26 09:00:57,035 INFO - 8 out of 9 issues successfully created
2024-06-26 09:00:57,039 INFO - ------------------------------
2024-06-26 09:00:57,039 INFO - Finished Importing : Issues
2024-06-26 09:00:57,039 INFO - ------------------------------
2024-06-26 09:00:57,045 INFO - ------------------------------
2024-06-26 09:00:57,045 INFO - Importing: Issue Links & Subtasks
2024-06-26 09:00:57,045 INFO - ------------------------------
2024-06-26 09:00:57,045 INFO - Only new items will be imported
2024-06-26 09:00:57,049 INFO - ------------------------------
2024-06-26 09:00:57,049 INFO - Finished Importing : Issue Links & Subtasks
2024-06-26 09:00:57,049 INFO - ------------------------------
2024-06-26 09:00:57,050 INFO - ------------------------------
2024-06-26 09:00:57,050 INFO - Importing: Issue remote links
2024-06-26 09:00:57,050 INFO - ------------------------------
2024-06-26 09:00:57,050 INFO - Only new items will be imported
2024-06-26 09:00:57,053 INFO - ------------------------------
2024-06-26 09:00:57,053 INFO - Finished Importing : Issue remote links
2024-06-26 09:00:57,053 INFO - ------------------------------